<?xml version="1.0" encoding="UTF-8"?>
<!-- Generated by org.testng.reporters.JUnitReportReporter -->
<testsuite hostname="DESKTOP-RDIF8I4" failures="0" tests="1" name="com.ebanking.testCases.TC_AddCutomerTest_003" time="21.660" errors="0" timestamp="2022-04-25T22:38:03 EET" skipped="0">
  <testcase classname="com.ebanking.testCases.TC_AddCutomerTest_003" name="addNewCutomer" time="21.660"/>
  <system-out/>
</testsuite> <!-- com.ebanking.testCases.TC_AddCutomerTest_003 -->
