<?xml version="1.0" encoding="UTF-8"?>
<!-- Generated by org.testng.reporters.JUnitReportReporter -->
<testsuite hostname="DESKTOP-RDIF8I4" failures="0" tests="3" name="com.ebanking.testCases.TC_AddCutomerTest_003" time="25.501" errors="0" timestamp="2022-04-26T16:07:14 EET" skipped="0">
  <testcase classname="com.ebanking.testCases.TC_AddCutomerTest_003" name="addNewCutomer" time="10.885"/>
  <system-out/>
  <testcase classname="com.ebanking.testCases.TC_AddCutomerTest_003" name="editCustomer" time="7.231"/>
  <system-out/>
  <testcase classname="com.ebanking.testCases.TC_AddCutomerTest_003" name="addNewAccount" time="7.385"/>
  <system-out/>
</testsuite> <!-- com.ebanking.testCases.TC_AddCutomerTest_003 -->
